

 | LOG de ACCIONES 2021/06/27 02:42:42 |
2021/06/27 02:42:58	gusanito: Inicio de sesión exitoso.

 | LOG de ACCIONES 2021/06/27 03:55:42 |
2021/06/27 03:55:42	: Inicio de sesión fallido.

 | LOG de ACCIONES 2021/06/27 03:55:58 |
2021/06/27 03:55:58	: Inicio de sesión fallido.

 | LOG de ACCIONES 2021/06/27 03:56:20 |
2021/06/27 03:56:20	: Inicio de sesión fallido.

 | LOG de ACCIONES 2021/06/27 03:56:38 |
2021/06/27 03:56:39	: Inicio de sesión fallido.

 | LOG de ACCIONES 2021/06/27 03:57:55 |
2021/06/27 03:57:55	: Inicio de sesión fallido.

 | LOG de ACCIONES 2021/06/27 14:48:24 |
2021/06/27 14:48:25	: Inicio de sesión fallido.

 | LOG de ACCIONES 2021/06/27 14:49:00 |
2021/06/27 14:49:01	: Inicio de sesión fallido.

 | LOG de ACCIONES 2021/06/27 14:49:48 |
2021/06/27 14:49:49	: Inicio de sesión fallido.

 | LOG de ACCIONES 2021/06/27 14:50:58 |
2021/06/27 14:50:58	: Inicio de sesión fallido.

 | LOG de ACCIONES 2021/06/27 14:51:15 |
2021/06/27 14:51:15	: Inicio de sesión fallido.

 | LOG de ACCIONES 2021/06/27 14:51:34 |
2021/06/27 14:51:35	: Inicio de sesión fallido.

 | LOG de ACCIONES 2021/06/27 14:51:53 |
2021/06/27 14:51:53	: Inicio de sesión fallido.

 | LOG de ACCIONES 2021/06/27 14:56:14 |
2021/06/27 14:56:15	: Inicio de sesión fallido.

 | LOG de ACCIONES 2021/06/27 16:07:15 |
2021/06/27 16:07:16	: Inicio de sesión fallido.

 | LOG de ACCIONES 2021/06/27 16:09:17 |
2021/06/27 16:09:18	: Inicio de sesión fallido.

 | LOG de ACCIONES 2021/06/27 16:09:33 |
2021/06/27 16:09:35	: Inicio de sesión fallido.

 | LOG de ACCIONES 2021/06/27 16:10:51 |
2021/06/27 16:10:52	: Inicio de sesión fallido.

 | LOG de ACCIONES 2021/06/27 16:12:08 |
2021/06/27 16:12:09	: Inicio de sesión fallido.

 | LOG de ACCIONES 2021/06/27 16:12:27 |
2021/06/27 16:12:28	: Inicio de sesión fallido.

 | LOG de ACCIONES 2021/06/27 16:13:11 |
2021/06/27 16:13:12	: Inicio de sesión fallido.

 | LOG de ACCIONES 2021/06/27 16:14:54 |
2021/06/27 16:14:55	: Inicio de sesión fallido.

 | LOG de ACCIONES 2021/06/27 16:16:13 |
2021/06/27 16:16:14	: Inicio de sesión fallido.

 | LOG de ACCIONES 2021/06/27 16:19:01 |
2021/06/27 16:19:03	: Inicio de sesión fallido.

 | LOG de ACCIONES 2021/06/27 16:20:11 |
2021/06/27 16:20:13	: Inicio de sesión fallido.

 | LOG de ACCIONES 2021/06/27 16:20:39 |
2021/06/27 16:20:41	: Inicio de sesión fallido.

 | LOG de ACCIONES 2021/06/27 16:21:02 |
2021/06/27 16:21:03	: Inicio de sesión fallido.

 | LOG de ACCIONES 2021/06/27 16:21:26 |
2021/06/27 16:21:27	: Inicio de sesión fallido.

 | LOG de ACCIONES 2021/06/27 16:21:46 |
2021/06/27 16:21:48	: Inicio de sesión fallido.

 | LOG de ACCIONES 2021/06/27 16:23:58 |
2021/06/27 16:24:00	: Inicio de sesión fallido.

 | LOG de ACCIONES 2021/06/27 16:24:15 |
2021/06/27 16:24:16	: Inicio de sesión fallido.

 | LOG de ACCIONES 2021/06/27 16:24:29 |
2021/06/27 16:24:30	: Inicio de sesión fallido.

 | LOG de ACCIONES 2021/06/27 16:25:39 |
2021/06/27 16:25:41	: Inicio de sesión fallido.

 | LOG de ACCIONES 2021/06/27 16:26:03 |
2021/06/27 16:26:04	: Inicio de sesión fallido.

 | LOG de ACCIONES 2021/06/27 16:27:07 |
2021/06/27 16:27:09	: Inicio de sesión fallido.

 | LOG de ACCIONES 2021/06/27 16:27:28 |
2021/06/27 16:27:29	: Inicio de sesión fallido.

 | LOG de ACCIONES 2021/06/27 16:28:13 |
2021/06/27 16:28:14	: Inicio de sesión fallido.

 | LOG de ACCIONES 2021/06/27 16:29:19 |
2021/06/27 16:29:20	: Inicio de sesión fallido.

 | LOG de ACCIONES 2021/06/27 16:29:39 |
2021/06/27 16:29:40	: Inicio de sesión fallido.

 | LOG de ACCIONES 2021/06/27 16:30:35 |
2021/06/27 16:30:37	: Inicio de sesión fallido.

 | LOG de ACCIONES 2021/06/27 16:31:04 |
2021/06/27 16:31:06	: Inicio de sesión fallido.

 | LOG de ACCIONES 2021/06/27 16:31:17 |
2021/06/27 16:31:18	: Inicio de sesión fallido.

 | LOG de ACCIONES 2021/06/27 16:31:44 |
2021/06/27 16:31:45	: Inicio de sesión fallido.

 | LOG de ACCIONES 2021/06/27 16:32:16 |
2021/06/27 16:32:17	: Inicio de sesión fallido.

 | LOG de ACCIONES 2021/06/27 16:33:14 |
2021/06/27 16:33:16	: Inicio de sesión fallido.

 | LOG de ACCIONES 2021/06/27 16:33:33 |
2021/06/27 16:33:34	: Inicio de sesión fallido.

 | LOG de ACCIONES 2021/06/27 16:33:53 |
2021/06/27 16:33:54	: Inicio de sesión fallido.

 | LOG de ACCIONES 2021/06/27 16:34:34 |
2021/06/27 16:34:35	: Inicio de sesión fallido.

 | LOG de ACCIONES 2021/06/27 16:35:04 |
2021/06/27 16:35:05	: Inicio de sesión fallido.

 | LOG de ACCIONES 2021/06/27 16:35:26 |
2021/06/27 16:35:27	: Inicio de sesión fallido.

 | LOG de ACCIONES 2021/06/27 16:35:47 |
2021/06/27 16:35:49	: Inicio de sesión fallido.

 | LOG de ACCIONES 2021/06/27 16:36:18 |
2021/06/27 16:36:19	: Inicio de sesión fallido.

 | LOG de ACCIONES 2021/06/27 16:39:11 |
2021/06/27 16:39:12	: Inicio de sesión fallido.

 | LOG de ACCIONES 2021/06/27 16:40:52 |
2021/06/27 16:40:53	: Inicio de sesión fallido.

 | LOG de ACCIONES 2021/06/27 16:42:58 |
2021/06/27 16:42:59	: Inicio de sesión fallido.

 | LOG de ACCIONES 2021/06/27 16:43:22 |
2021/06/27 16:43:24	: Inicio de sesión fallido.

 | LOG de ACCIONES 2021/06/27 16:43:48 |
2021/06/27 16:43:50	: Inicio de sesión fallido.

 | LOG de ACCIONES 2021/06/27 16:44:54 |
2021/06/27 16:44:56	: Inicio de sesión fallido.

 | LOG de ACCIONES 2021/06/27 16:45:17 |
2021/06/27 16:45:19	: Inicio de sesión fallido.

 | LOG de ACCIONES 2021/06/27 16:45:35 |
2021/06/27 16:45:37	: Inicio de sesión fallido.

 | LOG de ACCIONES 2021/06/27 16:45:50 |
2021/06/27 16:45:52	: Inicio de sesión fallido.

 | LOG de ACCIONES 2021/06/27 16:46:30 |
2021/06/27 16:46:31	: Inicio de sesión fallido.

 | LOG de ACCIONES 2021/06/27 16:47:08 |
2021/06/27 16:47:09	: Inicio de sesión fallido.

 | LOG de ACCIONES 2021/06/27 16:47:56 |
2021/06/27 16:47:57	: Inicio de sesión fallido.

 | LOG de ACCIONES 2021/06/27 16:48:27 |
2021/06/27 16:48:29	: Inicio de sesión fallido.

 | LOG de ACCIONES 2021/06/27 16:48:45 |
2021/06/27 16:48:46	: Inicio de sesión fallido.

 | LOG de ACCIONES 2021/06/27 16:49:34 |
2021/06/27 16:49:36	: Inicio de sesión fallido.

 | LOG de ACCIONES 2021/06/27 16:49:49 |
2021/06/27 16:49:50	: Inicio de sesión fallido.

 | LOG de ACCIONES 2021/06/27 16:51:05 |
2021/06/27 16:51:06	: Inicio de sesión fallido.

 | LOG de ACCIONES 2021/06/27 16:51:42 |
2021/06/27 16:51:43	: Inicio de sesión fallido.

 | LOG de ACCIONES 2021/06/27 16:52:13 |
2021/06/27 16:52:15	: Inicio de sesión fallido.

 | LOG de ACCIONES 2021/06/27 16:52:36 |
2021/06/27 16:52:37	: Inicio de sesión fallido.

 | LOG de ACCIONES 2021/06/27 16:52:50 |
2021/06/27 16:52:52	: Inicio de sesión fallido.

 | LOG de ACCIONES 2021/06/27 16:53:37 |
2021/06/27 16:53:39	: Inicio de sesión fallido.

 | LOG de ACCIONES 2021/06/27 16:54:26 |
2021/06/27 16:54:28	: Inicio de sesión fallido.

 | LOG de ACCIONES 2021/06/27 16:55:13 |
2021/06/27 16:55:14	: Inicio de sesión fallido.

 | LOG de ACCIONES 2021/06/27 16:55:59 |
2021/06/27 16:56:00	: Inicio de sesión fallido.

 | LOG de ACCIONES 2021/06/27 16:56:46 |
2021/06/27 16:56:48	: Inicio de sesión fallido.

 | LOG de ACCIONES 2021/06/27 16:58:42 |
2021/06/27 16:58:44	: Inicio de sesión fallido.

 | LOG de ACCIONES 2021/06/27 17:01:54 |
2021/06/27 17:01:56	: Inicio de sesión fallido.

 | LOG de ACCIONES 2021/06/27 17:03:13 |
2021/06/27 17:03:14	: Inicio de sesión fallido.

 | LOG de ACCIONES 2021/06/27 17:03:50 |
2021/06/27 17:03:51	: Inicio de sesión fallido.

 | LOG de ACCIONES 2021/06/27 17:04:02 |
2021/06/27 17:04:03	: Inicio de sesión fallido.

 | LOG de ACCIONES 2021/06/27 17:04:41 |
2021/06/27 17:04:42	: Inicio de sesión fallido.

 | LOG de ACCIONES 2021/06/27 17:05:11 |
2021/06/27 17:05:12	: Inicio de sesión fallido.

 | LOG de ACCIONES 2021/06/27 17:05:29 |
2021/06/27 17:05:30	: Inicio de sesión fallido.

 | LOG de ACCIONES 2021/06/27 17:06:22 |
2021/06/27 17:06:23	: Inicio de sesión fallido.

 | LOG de ACCIONES 2021/06/27 17:20:38 |
2021/06/27 17:20:41	: Inicio de sesión fallido.

 | LOG de ACCIONES 2021/06/27 17:21:09 |
2021/06/27 17:21:11	: Inicio de sesión fallido.

 | LOG de ACCIONES 2021/06/27 17:21:44 |
2021/06/27 17:21:46	: Inicio de sesión fallido.

 | LOG de ACCIONES 2021/06/27 17:22:59 |
2021/06/27 17:23:01	: Inicio de sesión fallido.

 | LOG de ACCIONES 2021/06/27 17:23:23 |
2021/06/27 17:23:24	null: Inicio de sesión fallido.

 | LOG de ACCIONES 2021/06/27 17:30:04 |
2021/06/27 17:30:17	username: Inicio de sesión fallido.

 | LOG de ACCIONES 2021/06/27 17:30:04 |
2021/06/27 17:30:17	username: Inicio de sesión fallido.
2021/06/27 17:30:25	username: Inicio de sesión fallido.

 | LOG de ACCIONES 2021/06/27 17:38:47 |
2021/06/27 17:38:50	: Inicio de sesión fallido.

 | LOG de ACCIONES 2021/06/27 17:39:14 |
2021/06/27 17:39:17	: Inicio de sesión fallido.

 | LOG de ACCIONES 2021/06/27 17:39:14 |
2021/06/27 17:39:17	: Inicio de sesión fallido.
2021/06/27 17:39:18	: Inicio de sesión fallido.

 | LOG de ACCIONES 2021/06/27 17:39:14 |
2021/06/27 17:39:17	: Inicio de sesión fallido.
2021/06/27 17:39:18	: Inicio de sesión fallido.
2021/06/27 17:39:20	: Inicio de sesión fallido.

 | LOG de ACCIONES 2021/06/27 17:39:14 |
2021/06/27 17:39:17	: Inicio de sesión fallido.
2021/06/27 17:39:18	: Inicio de sesión fallido.
2021/06/27 17:39:20	: Inicio de sesión fallido.
2021/06/27 17:39:21	: Inicio de sesión fallido.

 | LOG de ACCIONES 2021/06/27 17:39:14 |
2021/06/27 17:39:17	: Inicio de sesión fallido.
2021/06/27 17:39:18	: Inicio de sesión fallido.
2021/06/27 17:39:20	: Inicio de sesión fallido.
2021/06/27 17:39:21	: Inicio de sesión fallido.
2021/06/27 17:39:24	a: Inicio de sesión fallido.

 | LOG de ACCIONES 2021/06/27 17:42:38 |
2021/06/27 17:42:40	: Inicio de sesión fallido.

 | LOG de ACCIONES 2021/06/27 17:44:26 |
2021/06/27 17:44:29	: Inicio de sesión fallido.

 | LOG de ACCIONES 2021/06/27 17:44:50 |
2021/06/27 17:44:56	: Inicio de sesión fallido.

 | LOG de ACCIONES 2021/06/27 17:44:50 |
2021/06/27 17:44:56	: Inicio de sesión fallido.
2021/06/27 17:44:57	: Inicio de sesión fallido.

 | LOG de ACCIONES 2021/06/27 17:44:50 |
2021/06/27 17:44:56	: Inicio de sesión fallido.
2021/06/27 17:44:57	: Inicio de sesión fallido.
2021/06/27 17:44:58	: Inicio de sesión fallido.

 | LOG de ACCIONES 2021/06/27 17:44:50 |
2021/06/27 17:44:56	: Inicio de sesión fallido.
2021/06/27 17:44:57	: Inicio de sesión fallido.
2021/06/27 17:44:58	: Inicio de sesión fallido.
2021/06/27 17:44:58	: Inicio de sesión fallido.

 | LOG de ACCIONES 2021/06/27 17:46:01 |
2021/06/27 17:46:06	: Inicio de sesión fallido.

 | LOG de ACCIONES 2021/06/27 17:47:17 |
2021/06/27 17:47:30	gusanito123: Inicio de sesión fallido.

 | LOG de ACCIONES 2021/06/27 17:49:03 |
2021/06/27 17:49:08	a: Inicio de sesión fallido.

 | LOG de ACCIONES 2021/06/27 17:50:54 |
2021/06/27 17:50:56	: Inicio de sesión fallido.

 | LOG de ACCIONES 2021/06/27 17:50:54 |
2021/06/27 17:50:56	: Inicio de sesión fallido.
2021/06/27 17:51:00	a: Inicio de sesión fallido.

 | LOG de ACCIONES 2021/06/27 17:57:56 |
2021/06/27 17:58:07	gusanito: Inicio de sesión exitoso.

 | LOG de ACCIONES 2021/06/27 17:59:10 |
2021/06/27 17:59:17	gusanito: Inicio de sesión exitoso.

 | LOG de ACCIONES 2021/06/27 18:05:11 |
2021/06/27 18:05:25	gusanito: Inicio de sesión exitoso.